========================================
Stage 1/3: remaining PolyBench (12 kernels), sequential, rounds=5
========================================
[2026-07-10 17:58:16] START ludcmp
[2026-07-11 15:37:08] DONE  ludcmp
[2026-07-11 15:37:08] START lu
[2026-07-12 14:37:03] DONE  lu
[2026-07-12 14:37:03] START trisolv
[2026-07-12 14:44:44] DONE  trisolv
[2026-07-12 14:44:44] START deriche
[2026-07-12 15:08:22] DONE  deriche
[2026-07-12 15:08:22] START floyd-warshall
[2026-07-12 20:46:26] DONE  floyd-warshall
[2026-07-12 20:46:26] START nussinov
[2026-07-13 01:03:42] DONE  nussinov
[2026-07-13 01:03:42] START adi
[2026-07-13 05:48:05] DONE  adi
[2026-07-13 05:48:05] START fdtd-2d
[2026-07-13 06:25:33] DONE  fdtd-2d
[2026-07-13 06:25:33] START heat-3d
[2026-07-13 07:28:12] DONE  heat-3d
[2026-07-13 07:28:12] START jacobi-1d
[2026-07-13 07:33:47] DONE  jacobi-1d
[2026-07-13 07:33:47] START jacobi-2d
[2026-07-13 08:07:56] DONE  jacobi-2d
[2026-07-13 08:07:56] START seidel-2d
[2026-07-13 10:29:46] DONE  seidel-2d

========================================
Stage 2/3: TSVC (151 kernels), sequential, rounds=5
========================================
[2026-07-13 10:29:46] START s000
[2026-07-13 10:45:00] DONE  s000
[2026-07-13 10:45:00] START s111
[2026-07-13 10:56:58] DONE  s111
[2026-07-13 10:56:58] START s1111
[2026-07-13 11:21:37] DONE  s1111
[2026-07-13 11:21:37] START s112
[2026-07-13 12:11:15] DONE  s112
[2026-07-13 12:11:15] START s1112
[2026-07-13 12:29:14] DONE  s1112
[2026-07-13 12:29:14] START s113
[2026-07-13 13:08:13] DONE  s113
[2026-07-13 13:08:13] START s1113
[2026-07-13 13:35:58] DONE  s1113
[2026-07-13 13:35:58] START s114
[2026-07-13 14:01:54] DONE  s114
[2026-07-13 14:01:54] START s115
[2026-07-13 15:43:18] DONE  s115
[2026-07-13 15:43:18] START s1115
[2026-07-13 16:35:42] DONE  s1115
[2026-07-13 16:35:42] START s116
[2026-07-13 18:07:58] DONE  s116
[2026-07-13 18:07:58] START s118
[2026-07-13 18:47:43] DONE  s118
[2026-07-13 18:47:43] START s119
[2026-07-13 18:57:18] DONE  s119
[2026-07-13 18:57:18] START s1119
[2026-07-13 19:05:05] DONE  s1119
[2026-07-13 19:05:05] START s121
[2026-07-13 19:19:23] DONE  s121
[2026-07-13 19:19:23] START s122
[2026-07-13 20:06:02] DONE  s122
[2026-07-13 20:06:02] START s123
[2026-07-13 20:28:04] DONE  s123
[2026-07-13 20:28:04] START s124
[2026-07-13 20:42:36] DONE  s124
[2026-07-13 20:42:36] START s125
[2026-07-13 20:57:01] DONE  s125
[2026-07-13 20:57:01] START s126
[2026-07-13 21:13:20] DONE  s126
[2026-07-13 21:13:20] START s127
[2026-07-13 21:25:12] DONE  s127
[2026-07-13 21:25:12] START s128
[2026-07-13 22:05:28] DONE  s128
[2026-07-13 22:05:28] START s131
[2026-07-13 22:27:18] DONE  s131
[2026-07-13 22:27:18] START s132
[2026-07-13 22:50:07] DONE  s132
[2026-07-13 22:50:07] START s141
[2026-07-13 23:03:44] DONE  s141
[2026-07-13 23:03:44] START s151
[2026-07-13 23:03:55] FAIL  s151 (exit 1)
[2026-07-13 23:03:55] START s152
[2026-07-13 23:04:06] FAIL  s152 (exit 1)
[2026-07-13 23:04:06] START s161
[2026-07-13 23:30:53] DONE  s161
[2026-07-13 23:30:53] START s1161
[2026-07-14 00:37:04] DONE  s1161
[2026-07-14 00:37:04] START s162
[2026-07-14 00:37:10] FAIL  s162 (exit 1)
[2026-07-14 00:37:10] START s171
[2026-07-14 00:37:15] FAIL  s171 (exit 1)
[2026-07-14 00:37:15] START s172
[2026-07-14 00:37:21] FAIL  s172 (exit 1)
[2026-07-14 00:37:21] START s173
[2026-07-14 00:56:06] DONE  s173
[2026-07-14 00:56:06] START s174
[2026-07-14 00:56:12] FAIL  s174 (exit 1)
[2026-07-14 00:56:12] START s175
[2026-07-14 00:56:17] FAIL  s175 (exit 1)
[2026-07-14 00:56:17] START s176
[2026-07-14 01:13:12] DONE  s176
[2026-07-14 01:13:12] START s211
[2026-07-14 01:41:21] DONE  s211
[2026-07-14 01:41:21] START s212
[2026-07-14 02:06:11] DONE  s212
[2026-07-14 02:06:11] START s1213
[2026-07-14 02:27:30] DONE  s1213
[2026-07-14 02:27:30] START s221
[2026-07-14 02:47:47] DONE  s221
[2026-07-14 02:47:47] START s1221
[2026-07-14 02:53:41] DONE  s1221
[2026-07-14 02:53:41] START s222
[2026-07-14 03:21:16] DONE  s222
[2026-07-14 03:21:16] START s231
[2026-07-14 04:40:35] DONE  s231
[2026-07-14 04:40:35] START s232
[2026-07-14 05:23:31] DONE  s232
[2026-07-14 05:23:31] START s1232
[2026-07-14 06:11:51] DONE  s1232
[2026-07-14 06:11:51] START s233
[2026-07-14 07:50:04] DONE  s233
[2026-07-14 07:50:04] START s2233
[2026-07-14 08:46:36] DONE  s2233
[2026-07-14 08:46:36] START s235
[2026-07-14 11:14:39] DONE  s235
[2026-07-14 11:14:39] START s241
[2026-07-14 13:11:11] DONE  s241
[2026-07-14 13:11:11] START s242
[2026-07-14 13:11:17] FAIL  s242 (exit 1)
[2026-07-14 13:11:17] START s243
[2026-07-14 13:26:38] DONE  s243
[2026-07-14 13:26:38] START s244
[2026-07-14 14:21:13] DONE  s244
[2026-07-14 14:21:13] START s1244
[2026-07-14 15:20:14] DONE  s1244
[2026-07-14 15:20:14] START s2244
[2026-07-14 15:32:03] DONE  s2244
[2026-07-14 15:32:03] START s251
[2026-07-14 15:51:56] DONE  s251
[2026-07-14 15:51:56] START s1251
[2026-07-14 16:41:03] DONE  s1251
[2026-07-14 16:41:03] START s2251
[2026-07-14 17:07:14] DONE  s2251
[2026-07-14 17:07:14] START s3251
[2026-07-14 17:27:30] DONE  s3251
[2026-07-14 17:27:30] START s252
[2026-07-14 17:36:25] DONE  s252
[2026-07-14 17:36:25] START s253
[2026-07-14 19:02:43] DONE  s253
[2026-07-14 19:02:43] START s254
[2026-07-14 19:19:09] DONE  s254
[2026-07-14 19:19:09] START s255
[2026-07-14 20:02:03] DONE  s255
[2026-07-14 20:02:03] START s256
[2026-07-14 20:12:17] DONE  s256
[2026-07-14 20:12:17] START s257
[2026-07-14 20:21:49] DONE  s257
[2026-07-14 20:21:49] START s258
[2026-07-14 20:28:54] DONE  s258
[2026-07-14 20:28:54] START s261
[2026-07-14 20:59:08] DONE  s261
[2026-07-14 20:59:08] START s271
[2026-07-14 22:03:06] DONE  s271
[2026-07-14 22:03:06] START s272
[2026-07-14 22:03:12] FAIL  s272 (exit 1)
[2026-07-14 22:03:12] START s273
[2026-07-14 22:42:35] DONE  s273
[2026-07-14 22:42:35] START s274
[2026-07-14 23:32:51] DONE  s274
[2026-07-14 23:32:51] START s275
[2026-07-14 23:49:46] DONE  s275
[2026-07-14 23:49:46] START s2275
[2026-07-15 01:25:43] DONE  s2275
[2026-07-15 01:25:43] START s276
[2026-07-15 03:46:16] DONE  s276
[2026-07-15 03:46:16] START s277
[2026-07-15 04:05:07] DONE  s277
[2026-07-15 04:05:08] START s278
[2026-07-15 05:45:46] DONE  s278
[2026-07-15 05:45:46] START s279
[2026-07-15 06:39:28] DONE  s279
[2026-07-15 06:39:28] START s1279
[2026-07-15 07:18:10] DONE  s1279
[2026-07-15 07:18:10] START s2710
[2026-07-15 07:18:16] FAIL  s2710 (exit 1)
[2026-07-15 07:18:16] START s2711
[2026-07-15 08:06:39] DONE  s2711
[2026-07-15 08:06:39] START s2712
[2026-07-15 10:17:01] DONE  s2712
[2026-07-15 10:17:01] START s281
[2026-07-15 10:43:21] DONE  s281
[2026-07-15 10:43:21] START s1281
[2026-07-15 11:10:51] DONE  s1281
[2026-07-15 11:10:51] START s291
[2026-07-15 11:56:14] DONE  s291
[2026-07-15 11:56:14] START s292
[2026-07-15 12:31:22] DONE  s292
[2026-07-15 12:31:22] START s293
[2026-07-15 13:05:09] DONE  s293
[2026-07-15 13:05:09] START s2101
[2026-07-15 13:11:31] DONE  s2101
[2026-07-15 13:11:31] START s2102
[2026-07-15 13:25:56] DONE  s2102
[2026-07-15 13:25:56] START s2111
[2026-07-15 15:15:27] DONE  s2111
[2026-07-15 15:15:27] START s311
[2026-07-15 17:06:27] DONE  s311
[2026-07-15 17:06:27] START s31111
[2026-07-15 17:06:38] FAIL  s31111 (exit 1)
[2026-07-15 17:06:38] START s312
[2026-07-15 22:27:58] DONE  s312
[2026-07-15 22:27:58] START s313
[2026-07-16 00:08:42] DONE  s313
[2026-07-16 00:08:42] START s314
[2026-07-16 03:31:40] DONE  s314
[2026-07-16 03:31:40] START s315
[2026-07-16 03:58:54] DONE  s315
[2026-07-16 03:58:54] START s316
[2026-07-16 05:59:27] DONE  s316
[2026-07-16 05:59:27] START s317
[2026-07-16 06:30:09] DONE  s317
[2026-07-16 06:30:09] START s318
[2026-07-16 06:30:15] FAIL  s318 (exit 1)
[2026-07-16 06:30:15] START s319
[2026-07-16 07:40:43] DONE  s319
[2026-07-16 07:40:43] START s3110
[2026-07-16 08:14:20] DONE  s3110
[2026-07-16 08:14:20] START s13110
[2026-07-16 08:47:21] DONE  s13110
[2026-07-16 08:47:21] START s3111
[2026-07-16 09:07:56] DONE  s3111
[2026-07-16 09:07:56] START s3112
[2026-07-16 09:20:50] DONE  s3112
[2026-07-16 09:20:50] START s3113
[2026-07-16 11:39:07] DONE  s3113
[2026-07-16 11:39:07] START s321
[2026-07-16 12:11:34] DONE  s321
[2026-07-16 12:11:34] START s322
[2026-07-16 12:36:30] DONE  s322
[2026-07-16 12:36:30] START s323
[2026-07-16 13:06:02] DONE  s323
[2026-07-16 13:06:02] START s331
[2026-07-16 13:31:23] DONE  s331
[2026-07-16 13:31:23] START s332
[2026-07-16 13:31:29] FAIL  s332 (exit 1)
[2026-07-16 13:31:29] START s341
[2026-07-16 13:53:24] DONE  s341
[2026-07-16 13:53:24] START s342
[2026-07-16 14:13:26] DONE  s342
[2026-07-16 14:13:26] START s343
[2026-07-16 14:28:07] DONE  s343
[2026-07-16 14:28:07] START s351
[2026-07-16 16:57:07] DONE  s351
[2026-07-16 16:57:07] START s1351
